[www.xpo.com/index.html]
[backblue.gif]
[fade.gif]
[index.html]
[xpodotcom.azureedge.net/xpo/superhero_block_images/site_1/page_1/XPO_Robot_Arms_iX0Y1Ui.jpg]
[secure.leadforensics.com/js/128918.js]
[d10lpsik1i8c69.cloudfront.net/w.js]
[xpodotcom.azureedge.net/xpo/static/1.3.964/CACHE/css/a9e018fc7fcf.css]
[xpodotcom.azureedge.net/xpo/static/1.3.964/CACHE/js/ec0c63ffa626.js]
[xpodotcom.azureedge.net/xpo/static/1.3.964/CACHE/css/fc42371e9252.css]
[xpodotcom.azureedge.net/xpo/static/1.3.964/CACHE/js/afc3d8728248.js]
[xpodotcom.azureedge.net/xpo/static/1.3.964/CACHE/js/e758d0e1a641.js]
[xpodotcom.azureedge.net/xpo/static/1.3.964/CACHE/css/2fea700645d1.css]
[xpodotcom.azureedge.net/xpo/static/1.3.964/CACHE/js/0bb64821fa1b.js]
[www.xpo.com/about-us/index.html]
[www.xpo.com/technology/index.html]
[www.xpo.com/solutions/index.html]
[xpodotcom.azureedge.net/xpo/static/1.3.964/CACHE/js/f4d5e209232f.js]
[www.xpo.com/driver-jobs/index.html]
[www.xpo.com/independent-owner-operators/index.html]
[www.xpo.com/work-with-us/index.html]
[xpodotcom.azureedge.net/xpo/hover_card_grayscale_sm_images/site_1/page_1/Responsible_Companies_List_sm_BW.jpg]
[www.xpo.com/additional-resources/index.html]
[xpodotcom.azureedge.net/xpo/hover_card_grayscale_lg_images/site_1/page_1/Responsible_Companies_List_md_bw.jpg]
[xpodotcom.azureedge.net/xpo/hover_card_grayscale_xl_images/site_1/page_1/Responsible_Companies_List_lg_bw.jpg]
[xpodotcom.azureedge.net/xpo/hover_card_color_sm_images/site_1/page_1/Responsible_Companies_List_sm.jpg]
[xpodotcom.azureedge.net/xpo/hover_card_color_lg_images/site_1/page_1/Responsible_Companies_List_md.jpg]
[www.xpo.com/contact-us/index.html]
[xpodotcom.azureedge.net/xpo/hover_card_color_xl_images/site_1/page_1/Responsible_Companies_List_LG.jpg]
[xpodotcom.azureedge.net/xpo/hover_card_grayscale_sm_images/site_1/page_1/Reverse_logistics_process_16x9_BW_qoWitDA.jpg]
[xpodotcom.azureedge.net/xpo/hover_card_grayscale_lg_images/site_1/page_1/Reverse_logistics_process_8x9_BW_hIu5d4i.jpg]
[xpodotcom.azureedge.net/xpo/hover_card_grayscale_xl_images/site_1/page_1/Reverse_logistics_process_16x27_BW_p7pduA0.jpg]
[xpodotcom.azureedge.net/xpo/hover_card_color_sm_images/site_1/page_1/Reverse_logistics_process_16x9_HUHugsY.jpg]
[xpodotcom.azureedge.net/xpo/hover_card_color_lg_images/site_1/page_1/Reverse_logistics_process_8x9_7dovbmG.jpg]
[xpodotcom.azureedge.net/xpo/hover_card_color_xl_images/site_1/page_1/Reverse_logistics_process_16x27_Os4H8Qh.jpg]
[xpodotcom.azureedge.net/xpo/hover_card_grayscale_sm_images/site_1/page_1/XPO_Equipment_On-Road_sm_BW.jpg]
[xpodotcom.azureedge.net/xpo/hover_card_grayscale_lg_images/site_1/page_1/XPO_Equipment_On-Road_md_BW.jpg]
[xpodotcom.azureedge.net/xpo/hover_card_grayscale_xl_images/site_1/page_1/XPO_Equipment_On-Road_lg_BW.jpg]
[xpodotcom.azureedge.net/xpo/hover_card_color_sm_images/site_1/page_1/XPO_Equipment_On-Road_sm.jpg]
[xpodotcom.azureedge.net/xpo/hover_card_color_lg_images/site_1/page_1/XPO_Equipment_On-Road_md.jpg]
[xpodotcom.azureedge.net/xpo/hover_card_color_xl_images/site_1/page_1/XPO_Equipment_On-Road_lg.jpg]
[xpodotcom.azureedge.net/xpo/hover_card_grayscale_sm_images/site_1/page_1/xpo_graduates-0635_16x9_BW.jpg]
[xpodotcom.azureedge.net/xpo/hover_card_grayscale_lg_images/site_1/page_1/xpo_graduates-0635_8x9_BW.jpg]
[xpodotcom.azureedge.net/xpo/hover_card_grayscale_xl_images/site_1/page_1/xpo_graduates-0635_16x27_BW.jpg]
[xpodotcom.azureedge.net/xpo/hover_card_color_sm_images/site_1/page_1/xpo_graduates-0635_16x9.jpg]
[xpodotcom.azureedge.net/xpo/hover_card_color_lg_images/site_1/page_1/xpo_graduates-0635_8x9.jpg]
[xpodotcom.azureedge.net/xpo/hover_card_color_xl_images/site_1/page_1/xpo_graduates-0635_16x27_.jpg]
[xpodotcom.azureedge.net/xpo/hover_card_grayscale_sm_images/site_1/page_1/XPO_Equipment_On-Road_16x9_BW.jpg]
[xpodotcom.azureedge.net/xpo/hover_card_grayscale_lg_images/site_1/page_1/XPO_Equipment_On-Road_8x9_BW.jpg]
[xpodotcom.azureedge.net/xpo/hover_card_grayscale_xl_images/site_1/page_1/XPO_Equipment_On-Road_16x27_BW.jpg]
[xpodotcom.azureedge.net/xpo/hover_card_color_sm_images/site_1/page_1/XPO_Equipment_On-Road_16x9.jpg]
[xpodotcom.azureedge.net/xpo/hover_card_color_lg_images/site_1/page_1/XPO_Equipment_On-Road_8x9.jpg]
[xpodotcom.azureedge.net/xpo/hover_card_color_xl_images/site_1/page_1/XPO_Equipment_On-Road_16x27.jpg]
[xpodotcom.azureedge.net/xpo/hover_card_grayscale_sm_images/site_1/page_1/XPO_robot_Butlers_16x9_BW.jpg]
[xpodotcom.azureedge.net/xpo/hover_card_grayscale_lg_images/site_1/page_1/XPO_robot_Butlers_8x9_BW.jpg]
[xpodotcom.azureedge.net/xpo/hover_card_grayscale_xl_images/site_1/page_1/XPO_robot_Butlers_16x27_BW.jpg]
[xpodotcom.azureedge.net/xpo/hover_card_color_sm_images/site_1/page_1/XPO_robot_Butlers_16x9.jpg]
[xpodotcom.azureedge.net/xpo/hover_card_color_lg_images/site_1/page_1/XPO_robot_Butlers_8x9.jpg]
[xpodotcom.azureedge.net/xpo/hover_card_color_xl_images/site_1/page_1/XPO_robot_Butlers_16x27.jpg]
[xpodotcom.azureedge.net/xpo/hover_card_grayscale_sm_images/site_1/page_1/Office_customer_service_women_16x9bw.jpg]
[xpodotcom.azureedge.net/xpo/hover_card_grayscale_lg_images/site_1/page_1/Office_customer_service_women_8x9bw.jpg]
[xpodotcom.azureedge.net/xpo/hover_card_grayscale_xl_images/site_1/page_1/Office_customer_service_women_16x27BW.jpg]
[xpodotcom.azureedge.net/xpo/hover_card_color_sm_images/site_1/page_1/Office_customer_service_women_16x9.jpg]
[xpodotcom.azureedge.net/xpo/hover_card_color_lg_images/site_1/page_1/Office_customer_service_women_8x9.jpg]
[xpodotcom.azureedge.net/xpo/hover_card_color_xl_images/site_1/page_1/Office_customer_service_women_16x27.jpg]
[xpodotcom.azureedge.net/xpo/hover_card_grayscale_sm_images/site_1/page_1/Company_Overview_16x9_BW.jpg]
[xpodotcom.azureedge.net/xpo/hover_card_grayscale_lg_images/site_1/page_1/Company_Overview_8x9_BW.jpg]
[xpodotcom.azureedge.net/xpo/hover_card_grayscale_xl_images/site_1/page_1/Company_Overview_16x27_BW.jpg]
[xpodotcom.azureedge.net/xpo/hover_card_color_sm_images/site_1/page_1/Company_Overview_16x9.jpg]
[xpodotcom.azureedge.net/xpo/hover_card_color_lg_images/site_1/page_1/Company_Overview_8x9jpg.jpg]
[xpodotcom.azureedge.net/xpo/hover_card_color_xl_images/site_1/page_1/Company_Overview_16x27.jpg]
[www.xpo.com/index.html]
[secure.leadforensics.com/128918.html]
[www.googletagmanager.com/gtm5445.html]
[www.xpo.com/investor-presentation/index.html]
[www.xpo.com/privacy-policy/index.html]
[www.xpo.com/forward-looking-statements/index.html]
[www.xpo.com/business-terms/index.html]
[xpodotcom.azureedge.net/xpo/static/1.3.964/x_core/sass/vendor/jquery-ui/images/ui-icons_333_256x240.png]
[www.xpo.com/terms-of-use/index.html]
[xpodotcom.azureedge.net/xpo/static/1.3.964/x_core/sass/vendor/jquery-ui/images/ui-icons_FFF_256x240.png]
[xpodotcom.azureedge.net/xpo/static/1.3.964/x_core/sass/vendor/jquery-ui/images/ui-icons_C50003_256x240.png]
[xpodotcom.azureedge.net/xpo/static/1.3.964/CACHE/css/a9e018fc7fcf.css]
[xpodotcom.azureedge.net/xpo/static/1.3.964/CACHE/css/fc42371e9252.css]
[xpodotcom.azureedge.net/xpo/static/1.3.964/CACHE/css/2fea700645d1.css]
[xpodotcom.azureedge.net/xpo/superhero_block_images/site_1/page_11/XPO_Robot_Arm.jpg]
[www.xpo.com/global-locations/index.html]
[www.xpo.com/connect-with-expert/index.html]
[xpodotcom.azureedge.net/xpo/hero_block_images/site_1/page_11/XPO_Leadership_Closing_Bell_web.jpg]
[xpodotcom.azureedge.net/xpo/hero_block_images/site_1/page_11/XPO_Port_Employees_vp9Fa3Z.jpg]
[xpodotcom.azureedge.net/xpo/hero_block_images/site_1/page_11/XPO_Cuture.jpg]
[xpodotcom.azureedge.net/xpo/hero_block_images/site_1/page_11/LTL_Truck_double_trailer_highway_wind_turbine_2.jpg]
[www.xpo.com/about-us/index.html]
[xpodotcom.azureedge.net/xpo/superhero_block_images/site_global/page_158/Boxes_Savigny_SC_3x2.jpg]
[xpodotcom.azureedge.net/xpo/hero_block_images/site_global/page_158/LTL_Double_Truck_Profile_Highway.jpg]
[xpodotcom.azureedge.net/xpo/hover_card_grayscale_sm_images/site_global/page_158/XPO_expedite_BW.jpg]
[xpodotcom.azureedge.net/xpo/hover_card_color_sm_images/site_global/page_158/XPO_expedite.jpg]
[xpodotcom.azureedge.net/xpo/hover_card_grayscale_sm_images/site_global/page_158/XPO_Equipment_On-Road_16x9_bw.jpg]
[xpodotcom.azureedge.net/xpo/hover_card_color_sm_images/site_global/page_158/XPO_Equipment_On-Road_16x9.jpg]
[xpodotcom.azureedge.net/xpo/hover_card_grayscale_sm_images/site_global/page_158/IMG_3899_hi_ext_BW.jpg]
[xpodotcom.azureedge.net/xpo/hover_card_color_sm_images/site_global/page_158/IMG_3899_hi_ext_B.jpg]
[xpodotcom.azureedge.net/xpo/hover_card_grayscale_sm_images/site_global/page_158/Intermodal_containers_urban_setting_16x9_bw.jpg]
[xpodotcom.azureedge.net/xpo/hover_card_color_sm_images/site_global/page_158/Intermodal_containers_urban_setting_16x9.jpg]
[xpodotcom.azureedge.net/xpo/hover_card_grayscale_sm_images/site_global/page_158/XPO_Last_Mile_Unloading_16x9_BW.jpg]
[xpodotcom.azureedge.net/xpo/hover_card_color_sm_images/site_global/page_158/XPO_Last_Mile_Unloading_16x9.jpg]
[xpodotcom.azureedge.net/xpo/hover_card_grayscale_sm_images/site_global/page_158/LTL_trucks_XPO_16x9_bw.jpg]
[xpodotcom.azureedge.net/xpo/hover_card_color_sm_images/site_global/page_158/LTL_trucks_XPO_16x9.jpg]
[xpodotcom.azureedge.net/xpo/hover_card_grayscale_sm_images/site_global/page_158/managed_transportation_office_16x9_bw.jpg]
[xpodotcom.azureedge.net/xpo/hover_card_color_sm_images/site_global/page_158/managed_transportation_office_16x9.jpg]
[xpodotcom.azureedge.net/xpo/hero_block_images/site_global/page_158/XPO_Red_Silver_Conveyors.jpg]
[xpodotcom.azureedge.net/xpo/hero_block_images/site_global/page_158/XPO_robot_Buttler_GreyO_2.jpg]
[www.xpo.com/solutions/index.html]
[xpodotcom.azureedge.net/xpo/superhero_block_images/site_1/page_13/P1430191_1_mcxVsBq.jpg]
[xpodotcom.azureedge.net/xpo/content_block_images/site_1/page_13/XPO_Engineers_Whiteboarding.jpg]
[xpodotcom.azureedge.net/xpo/hero_block_images/site_1/page_13/connect_graphic_jTmXGgi_FX2Drm2.jpg]
[xpodotcom.azureedge.net/xpo/hero_block_images/site_1/page_13/XPO_Connect_0J4A0542_web.jpg]
[xpodotcom.azureedge.net/xpo/content_block_images/site_1/page_13/XPO_Voice_Integration.jpg]
[xpodotcom.azureedge.net/xpo/hero_block_images/site_1/page_13/grey_orange_robot_5I6A5828.jpg]
[xpodotcom.azureedge.net/xpo/content_block_images/site_1/page_13/181005_XPO_6635_TK.jpg]
[www.xpo.com/technology/index.html]
[xpodotcom.azureedge.net/xpo/superhero_block_images/site_global/page_140/XPO_Day2_Nov_2016_159_Extended_4qkpmoa.jpg]
[xpodotcom.azureedge.net/xpo/hero_block_images/site_global/page_140/Henderson_Driver_Cabin_1OAMhZA.jpg]
[xpodotcom.azureedge.net/xpo/hero_block_images/site_global/page_140/Warehouse_employee_XPO_VNR2-0227_2x1.jpg]
[xpodotcom.azureedge.net/xpo/hero_block_images/site_global/page_140/Collaboration_Board_XPO_1046_TK_2x1.jpg]
[xpodotcom.azureedge.net/xpo/hero_block_images/site_global/page_140/office_workers_XPO_1906_TK_2x1.jpg]
[xpodotcom.azureedge.net/xpo/hero_block_images/site_global/page_140/office_worker_TSG-2_2x1.jpg]
[xpodotcom.azureedge.net/xpo/hero_block_images/site_global/page_140/veteran_shutterstock_1080354641_2x1.jpg]
[www.xpo.com/work-with-us/index.html]
[xpodotcom.azureedge.net/xpo/superhero_block_images/site_global/page_145/XPO_Driver_Cabin_3x2_RIypqX4.jpg]
[xpodotcom.azureedge.net/xpo/hero_block_images/site_global/page_145/IMGM5301.jpg]
[xpodotcom.azureedge.net/xpo/hero_block_images/site_global/page_145/DSC_00082.jpg]
[www.xpo.com/driver-jobs/index.html]
[xpodotcom.azureedge.net/xpo/superhero_block_images/site_global/page_148/IMGM5062_3x2.jpg]
[xpodotcom.azureedge.net/xpo/hero_block_images/site_global/page_148/Office_181003_XPO_3285_TK.jpg]
[xpodotcom.azureedge.net/xpo/hero_block_images/site_global/page_148/Expedite_Owner_operator_XPO_2267_TK_Wu45uKv.jpg]
[xpodotcom.azureedge.net/xpo/hero_block_images/site_global/page_148/Drayage_Truck__P1220233_jQUw8Zv.jpg]
[xpodotcom.azureedge.net/xpo/hero_block_images/site_global/page_148/last_mile_DSC_0810.jpg]
[xpodotcom.azureedge.net/xpo/hero_block_images/site_global/page_148/Over_the_road_truck_IOC_ZfZUf7s.jpg]
[www.xpo.com/independent-owner-operators/index.html]
[xpodotcom.azureedge.net/xpo/primary_hero_images/site_1/DSC03775.jpg]
[www.google.com/recaptcha/api.js]
[xpodotcom.azureedge.net/xpo/hero_block_images/site_global/page_156/160811-XPO-1082.2.jpg]
[www.xpo.com/contact-us/index.html]
[xpodotcom.azureedge.net/xpo/primary_hero_images/site_1/Receiving_and_shiipping_at_Burton_CO81if9.jpg]
[www.xpo.com/additional-resources/index.html]
[xpodotcom.azureedge.net/xpo/seo_override_images/s1/XPO_Robot.jpg]
[xpodotcom.azureedge.net/xpo/superhero_block_images/site_1/page_269/XPO_Robot_Arms.jpg]
[www.xpo.com/investor-presentation/index.html]
[xpodotcom.azureedge.net/xpo/primary_hero_images/site_1/XPO_Packages_Moving_Conveyor.jpg]
[www.xpo.com/privacy-policy/index.html]
[xpodotcom.azureedge.net/xpo/primary_hero_images/site_1/XPO_Glossary_ON5SA9h.jpg]
[www.xpo.com/business-terms/index.html]
[xpodotcom.azureedge.net/xpo/primary_hero_images/site_1/XPO_Driver_Loading_nhAtgB4.jpg]
[www.xpo.com/forward-looking-statements/index.html]
[xpodotcom.azureedge.net/xpo/primary_hero_images/site_1/XPO_LTL_Truck_On_Road.jpg]
[www.xpo.com/terms-of-use/index.html]
[xpodotcom.azureedge.net/xpo/primary_hero_images/site_1/XPO_Trailers.jpg]
[xpodotcom.azureedge.net/xpo/static/1.3.964/CACHE/css/5a428ca823a3.css]
[www.xpo.com/global-locations/index.html]
[xpodotcom.azureedge.net/xpo/static/1.3.964/CACHE/js/057e8e7fddea.js]
[xpodotcom.azureedge.net/xpo/primary_hero_images/site_1/181002_XPO_2022_TK.jpg]
[xpodotcom.azureedge.net/xpo/static/1.3.964/CACHE/css/564f435828d6.css]
[xpodotcom.azureedge.net/xpo/static/1.3.964/CACHE/js/04b02d0b67d7.js]
[www.xpo.com/connect-with-expert/index.html]
[xpodotcom.azureedge.net/static/x_core/img/textured_background.png]
[xpodotcom.azureedge.net/xpo/static/1.3.964/CACHE/css/5a428ca823a3.css]
[xpodotcom.azureedge.net/xpo/static/1.3.964/CACHE/css/564f435828d6.css]
